<?xml version="1.0" encoding="UTF-8"?>
<robot generator="Robot 7.0 (Python 3.12.1 on win32)" generated="2024-01-27T11:52:49.173570" rpa="false" schemaversion="5">
<suite id="s1" name="Radiobuttons" source="C:\Users\Sreenivas Sreeni\PycharmProjects\WebAutomation\TestCases\Radiobuttons.robot">
<test id="s1-t1" name="Testing Radio Buttons and Check Boxes" line="9">
<kw name="Create Webdriver" owner="SeleniumLibrary">
<msg time="2024-01-27T11:52:49.488773" level="INFO">Creating an instance of the chrome WebDriver.</msg>
<msg time="2024-01-27T11:52:49.488773" level="INFO">Cannot capture screenshot because no browser is open.</msg>
<msg time="2024-01-27T11:52:49.488773" level="FAIL">TypeError: 'module' object is not callable</msg>
<arg>chrome</arg>
<arg>executable_path="C:\Drivers\chrome-win64\chrome.exe"</arg>
<doc>Creates an instance of Selenium WebDriver.</doc>
<status status="FAIL" start="2024-01-27T11:52:49.487772" elapsed="0.002988">TypeError: 'module' object is not callable</status>
</kw>
<kw name="Open Browser" owner="SeleniumLibrary">
<arg>${url}</arg>
<arg>${browser}</arg>
<doc>Opens a new browser instance to the optional ``url``.</doc>
<status status="NOT RUN" start="2024-01-27T11:52:49.491345" elapsed="0.000414"/>
</kw>
<kw name="Maximize Browser Window" owner="SeleniumLibrary">
<doc>Maximizes current browser window.</doc>
<status status="NOT RUN" start="2024-01-27T11:52:49.491759" elapsed="0.000000"/>
</kw>
<kw name="set selenium speed 2seconds">
<status status="NOT RUN" start="2024-01-27T11:52:49.493751" elapsed="0.000000"/>
</kw>
<kw name="select radio">
<arg>button sex Female</arg>
<status status="NOT RUN" start="2024-01-27T11:52:49.497700" elapsed="0.000000"/>
</kw>
<kw name="select radio">
<arg>button exp 5</arg>
<status status="NOT RUN" start="2024-01-27T11:52:49.499720" elapsed="0.000000"/>
</kw>
<kw name="Select Checkbox" owner="SeleniumLibrary">
<arg>BlackTea</arg>
<doc>Selects the checkbox identified by ``locator``.</doc>
<status status="NOT RUN" start="2024-01-27T11:52:49.499720" elapsed="0.000000"/>
</kw>
<kw name="Select Checkbox" owner="SeleniumLibrary">
<arg>RedTea</arg>
<doc>Selects the checkbox identified by ``locator``.</doc>
<status status="NOT RUN" start="2024-01-27T11:52:49.500693" elapsed="0.000000"/>
</kw>
<kw name="Unselect Checkbox" owner="SeleniumLibrary">
<arg>BlackTea</arg>
<doc>Removes the selection of checkbox identified by ``locator``.</doc>
<status status="NOT RUN" start="2024-01-27T11:52:49.501690" elapsed="0.000000"/>
</kw>
<kw name="Close Browser" owner="SeleniumLibrary">
<doc>Closes the current browser.</doc>
<status status="NOT RUN" start="2024-01-27T11:52:49.502688" elapsed="0.000000"/>
</kw>
<status status="FAIL" start="2024-01-27T11:52:49.486841" elapsed="0.015847">TypeError: 'module' object is not callable</status>
</test>
<status status="FAIL" start="2024-01-27T11:52:49.175564" elapsed="0.329121"/>
</suite>
<statistics>
<total>
<stat pass="0" fail="1" skip="0">All Tests</stat>
</total>
<tag>
</tag>
<suite>
<stat pass="0" fail="1" skip="0" id="s1" name="Radiobuttons">Radiobuttons</stat>
</suite>
</statistics>
<errors>
</errors>
</robot>
